<?xml version="1.0" encoding="UTF-8"?>
<!-- Generated by org.testng.reporters.JUnitReportReporter -->
<testsuite hostname="DESKTOP-LFB9P6R" failures="0" tests="2" name="com.Scripts.AutomationScriptsmodule1" time="119.660" errors="0" timestamp="2022-11-30T13:51:49 PST" skipped="0">
  <testcase classname="com.Scripts.AutomationScriptsmodule1" name="JavaTestparallel1Method1" time="89.520"/>
  <system-out/>
  <testcase classname="com.Scripts.AutomationScriptsmodule1" name="JavaTestparallel1Method2" time="30.140"/>
  <system-out/>
</testsuite> <!-- com.Scripts.AutomationScriptsmodule1 -->
