<?xml version="1.0" encoding="UTF-8"?>
<!-- Generated by org.testng.reporters.JUnitReportReporter -->
<testsuite hostname="DESKTOP-LFB9P6R" failures="0" tests="2" name="com.Scripts.AutomationScrriptsModule2" time="39.755" errors="0" timestamp="2022-11-30T14:16:55 PST" skipped="0">
  <testcase classname="com.Scripts.AutomationScrriptsModule2" name="JavaTestParallel2Method2" time="28.012"/>
  <system-out/>
  <testcase classname="com.Scripts.AutomationScrriptsModule2" name="JavaTestParallel2Method1" time="11.743"/>
  <system-out/>
</testsuite> <!-- com.Scripts.AutomationScrriptsModule2 -->
