<?xml version="1.0" encoding="UTF-8"?>
<!-- Generated by org.testng.reporters.JUnitReportReporter -->
<testsuite hostname="DESKTOP-LFB9P6R" failures="0" tests="2" name="com.Scripts.AutomationScriptsmodule1" time="44.060" errors="0" timestamp="2022-11-30T14:16:55 PST" skipped="0">
  <testcase classname="com.Scripts.AutomationScriptsmodule1" name="JavaTestparallel1Method2" time="19.273"/>
  <system-out/>
  <testcase classname="com.Scripts.AutomationScriptsmodule1" name="JavaTestparallel1Method1" time="24.787"/>
  <system-out/>
</testsuite> <!-- com.Scripts.AutomationScriptsmodule1 -->
